INFO: Started  2022-09-27 20:22:42,073
INFO: Loged in in inbox  2022-09-27 20:22:42,575
INFO: Extracted pdf content  2022-09-27 20:22:43,361
INFO: Dobra hiša bill  2022-09-27 20:22:44,304
INFO: done writing and sending  2022-09-27 20:22:44,803
INFO: Finished  2022-09-27 20:22:44,804
INFO: Started  2022-09-27 20:27:05,750
INFO: Loged in in inbox  2022-09-27 20:27:06,564
INFO: Extracted pdf content  2022-09-27 20:27:07,421
INFO: Dobra hiša bill  2022-09-27 20:27:08,068
INFO: done writing and sending  2022-09-27 20:27:08,595
INFO: Finished  2022-09-27 20:27:08,595
INFO: Started  2022-09-27 20:30:09,095
INFO: Loged in in inbox  2022-09-27 20:30:09,609
INFO: Extracted pdf content  2022-09-27 20:30:10,183
INFO: Dobra hiša bill  2022-09-27 20:30:11,862
INFO: done writing and sending  2022-09-27 20:30:12,795
INFO: Finished  2022-09-27 20:30:12,795
INFO: Started  2022-09-27 20:37:28,245
INFO: Loged in in inbox  2022-09-27 20:37:28,760
INFO: Finished  2022-09-27 20:37:29,503
INFO: Started  2022-09-27 20:38:32,992
INFO: Loged in in inbox  2022-09-27 20:38:33,471
INFO: no new emails  2022-09-27 20:38:33,622
INFO: no new emails  2022-09-27 20:38:35,019
INFO: no new emails  2022-09-27 20:38:35,085
INFO: no new emails  2022-09-27 20:38:35,238
INFO: Finished  2022-09-27 20:38:35,238
INFO: Started  2022-09-28 19:50:22,929
INFO: Loged in in inbox  2022-09-28 19:50:23,366
INFO: Finished  2022-09-28 19:50:23,791
INFO: Started  2022-09-28 19:50:32,589
INFO: Loged in in inbox  2022-09-28 19:50:33,091
INFO: Finished  2022-09-28 19:50:33,803
INFO: Started  2022-09-28 19:50:52,013
INFO: Loged in in inbox  2022-09-28 19:50:52,467
INFO: no pdf attachment found  2022-09-28 19:50:53,104
INFO: Extracted pdf content  2022-09-28 19:50:53,254
INFO: Dobra hiša bill  2022-09-28 19:50:54,876
INFO: done writing and sending  2022-09-28 19:50:55,890
INFO: no pdf attachment found  2022-09-28 19:50:55,890
INFO: Finished  2022-09-28 19:50:55,890
